{"/workspace/server/middleware/errorHandler.js": {"path":"/workspace/server/middleware/errorHandler.js","statementMap":{"0":{"start":{"line":8,"column":4},"end":{"line":8,"column":19}},"1":{"start":{"line":9,"column":4},"end":{"line":9,"column":33}},"2":{"start":{"line":10,"column":4},"end":{"line":10,"column":21}},"3":{"start":{"line":11,"column":4},"end":{"line":11,"column":30}},"4":{"start":{"line":13,"column":4},"end":{"line":13,"column":52}},"5":{"start":{"line":17,"column":21},"end":{"line":55,"column":1}},"6":{"start":{"line":18,"column":19},"end":{"line":18,"column":40}},"7":{"start":{"line":19,"column":16},"end":{"line":19,"column":54}},"8":{"start":{"line":20,"column":13},"end":{"line":20,"column":41}},"9":{"start":{"line":23,"column":2},"end":{"line":23,"column":77}},"10":{"start":{"line":24,"column":2},"end":{"line":26,"column":3}},"11":{"start":{"line":25,"column":4},"end":{"line":25,"column":29}},"12":{"start":{"line":29,"column":2},"end":{"line":32,"column":3}},"13":{"start":{"line":30,"column":4},"end":{"line":30,"column":62}},"14":{"start":{"line":31,"column":4},"end":{"line":31,"column":28}},"15":{"start":{"line":35,"column":2},"end":{"line":45,"column":3}},"16":{"start":{"line":36,"column":4},"end":{"line":36,"column":21}},"17":{"start":{"line":37,"column":4},"end":{"line":37,"column":30}},"18":{"start":{"line":38,"column":9},"end":{"line":45,"column":3}},"19":{"start":{"line":39,"column":4},"end":{"line":39,"column":21}},"20":{"start":{"line":40,"column":4},"end":{"line":40,"column":26}},"21":{"start":{"line":41,"column":9},"end":{"line":45,"column":3}},"22":{"start":{"line":42,"column":4},"end":{"line":42,"column":21}},"23":{"start":{"line":43,"column":4},"end":{"line":43,"column":34}},"24":{"start":{"line":44,"column":4},"end":{"line":44,"column":21}},"25":{"start":{"line":47,"column":2},"end":{"line":54,"column":5}},"26":{"start":{"line":58,"column":21},"end":{"line":60,"column":1}},"27":{"start":{"line":58,"column":29},"end":{"line":60,"column":1}},"28":{"start":{"line":59,"column":2},"end":{"line":59,"column":50}},"29":{"start":{"line":62,"column":0},"end":{"line":66,"column":2}}},"fnMap":{"0":{"name":"(anonymous_0)","decl":{"start":{"line":7,"column":2},"end":{"line":7,"column":3}},"loc":{"start":{"line":7,"column":66},"end":{"line":14,"column":3}},"line":7},"1":{"name":"(anonymous_1)","decl":{"start":{"line":17,"column":21},"end":{"line":17,"column":22}},"loc":{"start":{"line":17,"column":47},"end":{"line":55,"column":1}},"line":17},"2":{"name":"(anonymous_2)","decl":{"start":{"line":58,"column":21},"end":{"line":58,"column":22}},"loc":{"start":{"line":58,"column":29},"end":{"line":60,"column":1}},"line":58},"3":{"name":"(anonymous_3)","decl":{"start":{"line":58,"column":29},"end":{"line":58,"column":30}},"loc":{"start":{"line":58,"column":49},"end":{"line":60,"column":1}},"line":58}},"branchMap":{"0":{"loc":{"start":{"line":7,"column":23},"end":{"line":7,"column":39}},"type":"default-arg","locations":[{"start":{"line":7,"column":36},"end":{"line":7,"column":39}}],"line":7},"1":{"loc":{"start":{"line":7,"column":41},"end":{"line":7,"column":64}},"type":"default-arg","locations":[{"start":{"line":7,"column":48},"end":{"line":7,"column":64}}],"line":7},"2":{"loc":{"start":{"line":18,"column":19},"end":{"line":18,"column":40}},"type":"binary-expr","locations":[{"start":{"line":18,"column":19},"end":{"line":18,"column":33}},{"start":{"line":18,"column":37},"end":{"line":18,"column":40}}],"line":18},"3":{"loc":{"start":{"line":19,"column":16},"end":{"line":19,"column":54}},"type":"binary-expr","locations":[{"start":{"line":19,"column":16},"end":{"line":19,"column":27}},{"start":{"line":19,"column":31},"end":{"line":19,"column":54}}],"line":19},"4":{"loc":{"start":{"line":20,"column":13},"end":{"line":20,"column":41}},"type":"binary-expr","locations":[{"start":{"line":20,"column":13},"end":{"line":20,"column":21}},{"start":{"line":20,"column":25},"end":{"line":20,"column":41}}],"line":20},"5":{"loc":{"start":{"line":24,"column":2},"end":{"line":26,"column":3}},"type":"if","locations":[{"start":{"line":24,"column":2},"end":{"line":26,"column":3}},{"start":{},"end":{}}],"line":24},"6":{"loc":{"start":{"line":29,"column":2},"end":{"line":32,"column":3}},"type":"if","locations":[{"start":{"line":29,"column":2},"end":{"line":32,"column":3}},{"start":{},"end":{}}],"line":29},"7":{"loc":{"start":{"line":35,"column":2},"end":{"line":45,"column":3}},"type":"if","locations":[{"start":{"line":35,"column":2},"end":{"line":45,"column":3}},{"start":{"line":38,"column":9},"end":{"line":45,"column":3}}],"line":35},"8":{"loc":{"start":{"line":38,"column":9},"end":{"line":45,"column":3}},"type":"if","locations":[{"start":{"line":38,"column":9},"end":{"line":45,"column":3}},{"start":{"line":41,"column":9},"end":{"line":45,"column":3}}],"line":38},"9":{"loc":{"start":{"line":41,"column":9},"end":{"line":45,"column":3}},"type":"if","locations":[{"start":{"line":41,"column":9},"end":{"line":45,"column":3}},{"start":{},"end":{}}],"line":41},"10":{"loc":{"start":{"line":41,"column":13},"end":{"line":41,"column":68}},"type":"binary-expr","locations":[{"start":{"line":41,"column":13},"end":{"line":41,"column":40}},{"start":{"line":41,"column":44},"end":{"line":41,"column":68}}],"line":41},"11":{"loc":{"start":{"line":52,"column":10},"end":{"line":52,"column":72}},"type":"binary-expr","locations":[{"start":{"line":52,"column":10},"end":{"line":52,"column":48}},{"start":{"line":52,"column":52},"end":{"line":52,"column":72}}],"line":52}},"s":{"0":7,"1":7,"2":7,"3":7,"4":7,"5":3,"6":6,"7":6,"8":6,"9":6,"10":6,"11":0,"12":6,"13":1,"14":1,"15":6,"16":0,"17":0,"18":6,"19":0,"20":0,"21":6,"22":0,"23":0,"24":0,"25":6,"26":3,"27":0,"28":0,"29":3},"f":{"0":7,"1":6,"2":0,"3":0},"b":{"0":[1],"1":[1],"2":[6,1],"3":[6,0],"4":[6,1],"5":[0,6],"6":[1,5],"7":[0,6],"8":[0,6],"9":[0,6],"10":[6,6],"11":[6,0]},"_coverageSchema":"1a1c01bbd47fc00a2c39e90264f33305004495a9","hash":"5cd7809d79fa255d76e77cb4e1c52386a3561c37"}
,"/workspace/server/middleware/validator.js": {"path":"/workspace/server/middleware/validator.js","statementMap":{"0":{"start":{"line":6,"column":35},"end":{"line":6,"column":63}},"1":{"start":{"line":7,"column":18},"end":{"line":7,"column":47}},"2":{"start":{"line":8,"column":21},"end":{"line":8,"column":46}},"3":{"start":{"line":9,"column":15},"end":{"line":9,"column":41}},"4":{"start":{"line":12,"column":33},"end":{"line":26,"column":1}},"5":{"start":{"line":29,"column":28},"end":{"line":38,"column":1}},"6":{"start":{"line":30,"column":17},"end":{"line":30,"column":38}},"7":{"start":{"line":32,"column":2},"end":{"line":35,"column":3}},"8":{"start":{"line":33,"column":26},"end":{"line":33,"column":60}},"9":{"start":{"line":33,"column":52},"end":{"line":33,"column":59}},"10":{"start":{"line":34,"column":4},"end":{"line":34,"column":74}},"11":{"start":{"line":37,"column":2},"end":{"line":37,"column":9}},"12":{"start":{"line":41,"column":26},"end":{"line":68,"column":1}},"13":{"start":{"line":42,"column":2},"end":{"line":67,"column":5}},"14":{"start":{"line":55,"column":6},"end":{"line":55,"column":65}},"15":{"start":{"line":58,"column":6},"end":{"line":58,"column":73}},"16":{"start":{"line":59,"column":6},"end":{"line":59,"column":44}},"17":{"start":{"line":63,"column":6},"end":{"line":63,"column":67}},"18":{"start":{"line":71,"column":26},"end":{"line":71,"column":35}},"19":{"start":{"line":74,"column":27},"end":{"line":74,"column":82}},"20":{"start":{"line":75,"column":28},"end":{"line":75,"column":33}},"21":{"start":{"line":77,"column":26},"end":{"line":86,"column":23}},"22":{"start":{"line":78,"column":14},"end":{"line":78,"column":24}},"23":{"start":{"line":80,"column":2},"end":{"line":85,"column":3}},"24":{"start":{"line":81,"column":4},"end":{"line":84,"column":5}},"25":{"start":{"line":82,"column":6},"end":{"line":82,"column":42}},"26":{"start":{"line":83,"column":6},"end":{"line":83,"column":56}},"27":{"start":{"line":89,"column":29},"end":{"line":91,"column":1}},"28":{"start":{"line":90,"column":2},"end":{"line":90,"column":35}},"29":{"start":{"line":93,"column":0},"end":{"line":99,"column":2}}},"fnMap":{"0":{"name":"(anonymous_0)","decl":{"start":{"line":29,"column":28},"end":{"line":29,"column":29}},"loc":{"start":{"line":29,"column":48},"end":{"line":38,"column":1}},"line":29},"1":{"name":"(anonymous_1)","decl":{"start":{"line":33,"column":45},"end":{"line":33,"column":46}},"loc":{"start":{"line":33,"column":52},"end":{"line":33,"column":59}},"line":33},"2":{"name":"(anonymous_2)","decl":{"start":{"line":41,"column":26},"end":{"line":41,"column":27}},"loc":{"start":{"line":41,"column":67},"end":{"line":68,"column":1}},"line":41},"3":{"name":"(anonymous_3)","decl":{"start":{"line":54,"column":18},"end":{"line":54,"column":19}},"loc":{"start":{"line":54,"column":27},"end":{"line":56,"column":5}},"line":54},"4":{"name":"(anonymous_4)","decl":{"start":{"line":57,"column":13},"end":{"line":57,"column":14}},"loc":{"start":{"line":57,"column":43},"end":{"line":60,"column":5}},"line":57},"5":{"name":"(anonymous_5)","decl":{"start":{"line":61,"column":10},"end":{"line":61,"column":11}},"loc":{"start":{"line":61,"column":19},"end":{"line":64,"column":5}},"line":61},"6":{"name":"(anonymous_6)","decl":{"start":{"line":77,"column":38},"end":{"line":77,"column":39}},"loc":{"start":{"line":77,"column":44},"end":{"line":86,"column":1}},"line":77},"7":{"name":"(anonymous_7)","decl":{"start":{"line":89,"column":29},"end":{"line":89,"column":30}},"loc":{"start":{"line":89,"column":35},"end":{"line":91,"column":1}},"line":89}},"branchMap":{"0":{"loc":{"start":{"line":32,"column":2},"end":{"line":35,"column":3}},"type":"if","locations":[{"start":{"line":32,"column":2},"end":{"line":35,"column":3}},{"start":{},"end":{}}],"line":32},"1":{"loc":{"start":{"line":41,"column":27},"end":{"line":41,"column":44}},"type":"default-arg","locations":[{"start":{"line":41,"column":41},"end":{"line":41,"column":44}}],"line":41},"2":{"loc":{"start":{"line":41,"column":46},"end":{"line":41,"column":62}},"type":"default-arg","locations":[{"start":{"line":41,"column":57},"end":{"line":41,"column":62}}],"line":41},"3":{"loc":{"start":{"line":55,"column":13},"end":{"line":55,"column":64}},"type":"binary-expr","locations":[{"start":{"line":55,"column":13},"end":{"line":55,"column":19}},{"start":{"line":55,"column":23},"end":{"line":55,"column":51}},{"start":{"line":55,"column":55},"end":{"line":55,"column":64}}],"line":55},"4":{"loc":{"start":{"line":63,"column":13},"end":{"line":63,"column":66}},"type":"binary-expr","locations":[{"start":{"line":63,"column":13},"end":{"line":63,"column":39}},{"start":{"line":63,"column":43},"end":{"line":63,"column":66}}],"line":63},"5":{"loc":{"start":{"line":74,"column":27},"end":{"line":74,"column":82}},"type":"binary-expr","locations":[{"start":{"line":74,"column":27},"end":{"line":74,"column":71}},{"start":{"line":74,"column":75},"end":{"line":74,"column":82}}],"line":74},"6":{"loc":{"start":{"line":81,"column":4},"end":{"line":84,"column":5}},"type":"if","locations":[{"start":{"line":81,"column":4},"end":{"line":84,"column":5}},{"start":{},"end":{}}],"line":81},"7":{"loc":{"start":{"line":81,"column":8},"end":{"line":81,"column":75}},"type":"binary-expr","locations":[{"start":{"line":81,"column":8},"end":{"line":81,"column":25}},{"start":{"line":81,"column":30},"end":{"line":81,"column":74}}],"line":81}},"s":{"0":3,"1":3,"2":3,"3":3,"4":3,"5":3,"6":6,"7":6,"8":4,"9":6,"10":4,"11":2,"12":3,"13":0,"14":0,"15":0,"16":0,"17":0,"18":3,"19":3,"20":3,"21":3,"22":0,"23":0,"24":0,"25":0,"26":0,"27":3,"28":3,"29":3},"f":{"0":6,"1":6,"2":0,"3":0,"4":0,"5":0,"6":0,"7":3},"b":{"0":[4,2],"1":[0],"2":[0],"3":[0,0,0],"4":[0,0],"5":[3,3],"6":[0,0],"7":[0,0]},"_coverageSchema":"1a1c01bbd47fc00a2c39e90264f33305004495a9","hash":"bb2da152130cd1892ae51e193bd9325551ef3610"}
,"/workspace/server/utils/logger.js": {"path":"/workspace/server/utils/logger.js","statementMap":{"0":{"start":{"line":6,"column":16},"end":{"line":6,"column":34}},"1":{"start":{"line":7,"column":13},"end":{"line":7,"column":28}},"2":{"start":{"line":9,"column":19},"end":{"line":14,"column":1}},"3":{"start":{"line":16,"column":22},"end":{"line":16,"column":53}},"4":{"start":{"line":19,"column":19},"end":{"line":24,"column":1}},"5":{"start":{"line":27,"column":18},"end":{"line":34,"column":1}},"6":{"start":{"line":31,"column":20},"end":{"line":31,"column":78}},"7":{"start":{"line":32,"column":4},"end":{"line":32,"column":59}},"8":{"start":{"line":37,"column":15},"end":{"line":65,"column":2}},"9":{"start":{"line":68,"column":22},"end":{"line":85,"column":1}},"10":{"start":{"line":69,"column":16},"end":{"line":69,"column":26}},"11":{"start":{"line":71,"column":2},"end":{"line":82,"column":5}},"12":{"start":{"line":72,"column":21},"end":{"line":72,"column":39}},"13":{"start":{"line":73,"column":4},"end":{"line":81,"column":7}},"14":{"start":{"line":84,"column":2},"end":{"line":84,"column":9}},"15":{"start":{"line":87,"column":0},"end":{"line":87,"column":24}},"16":{"start":{"line":88,"column":0},"end":{"line":88,"column":45}}},"fnMap":{"0":{"name":"(anonymous_0)","decl":{"start":{"line":30,"column":24},"end":{"line":30,"column":25}},"loc":{"start":{"line":30,"column":68},"end":{"line":33,"column":3}},"line":30},"1":{"name":"(anonymous_1)","decl":{"start":{"line":68,"column":22},"end":{"line":68,"column":23}},"loc":{"start":{"line":68,"column":42},"end":{"line":85,"column":1}},"line":68},"2":{"name":"(anonymous_2)","decl":{"start":{"line":71,"column":19},"end":{"line":71,"column":20}},"loc":{"start":{"line":71,"column":25},"end":{"line":82,"column":3}},"line":71}},"branchMap":{"0":{"loc":{"start":{"line":16,"column":22},"end":{"line":16,"column":53}},"type":"binary-expr","locations":[{"start":{"line":16,"column":22},"end":{"line":16,"column":43}},{"start":{"line":16,"column":47},"end":{"line":16,"column":53}}],"line":16},"1":{"loc":{"start":{"line":31,"column":20},"end":{"line":31,"column":78}},"type":"cond-expr","locations":[{"start":{"line":31,"column":47},"end":{"line":31,"column":73}},{"start":{"line":31,"column":76},"end":{"line":31,"column":78}}],"line":31},"2":{"loc":{"start":{"line":44,"column":14},"end":{"line":44,"column":76}},"type":"cond-expr","locations":[{"start":{"line":44,"column":54},"end":{"line":44,"column":64}},{"start":{"line":44,"column":67},"end":{"line":44,"column":76}}],"line":44},"3":{"loc":{"start":{"line":48,"column":8},"end":{"line":60,"column":10}},"type":"cond-expr","locations":[{"start":{"line":48,"column":48},"end":{"line":60,"column":5}},{"start":{"line":60,"column":8},"end":{"line":60,"column":10}}],"line":48},"4":{"loc":{"start":{"line":78,"column":10},"end":{"line":78,"column":61}},"type":"binary-expr","locations":[{"start":{"line":78,"column":10},"end":{"line":78,"column":16}},{"start":{"line":78,"column":20},"end":{"line":78,"column":48}},{"start":{"line":78,"column":52},"end":{"line":78,"column":61}}],"line":78},"5":{"loc":{"start":{"line":79,"column":17},"end":{"line":79,"column":51}},"type":"binary-expr","locations":[{"start":{"line":79,"column":17},"end":{"line":79,"column":38}},{"start":{"line":79,"column":42},"end":{"line":79,"column":51}}],"line":79}},"s":{"0":3,"1":3,"2":3,"3":3,"4":3,"5":3,"6":0,"7":0,"8":3,"9":3,"10":0,"11":0,"12":0,"13":0,"14":0,"15":3,"16":3},"f":{"0":0,"1":0,"2":0},"b":{"0":[3,3],"1":[0,0],"2":[0,3],"3":[0,3],"4":[0,0,0],"5":[0,0]},"_coverageSchema":"1a1c01bbd47fc00a2c39e90264f33305004495a9","hash":"63f7a1b8e31d901aed0efb25874859990381cfa1"}
}
