TN:
SF:server/middleware/errorHandler.js
FN:7,(anonymous_0)
FN:17,(anonymous_1)
FN:58,(anonymous_2)
FN:58,(anonymous_3)
FNF:4
FNH:2
FNDA:7,(anonymous_0)
FNDA:6,(anonymous_1)
FNDA:0,(anonymous_2)
FNDA:0,(anonymous_3)
DA:8,7
DA:9,7
DA:10,7
DA:11,7
DA:13,7
DA:17,1
DA:18,6
DA:19,6
DA:20,6
DA:23,6
DA:24,6
DA:25,0
DA:29,6
DA:30,1
DA:31,1
DA:35,6
DA:36,0
DA:37,0
DA:38,6
DA:39,0
DA:40,0
DA:41,6
DA:42,0
DA:43,0
DA:44,0
DA:47,6
DA:58,1
DA:59,0
DA:62,1
LF:29
LH:20
BRDA:7,0,0,1
BRDA:7,1,0,1
BRDA:18,2,0,6
BRDA:18,2,1,1
BRDA:19,3,0,6
BRDA:19,3,1,0
BRDA:20,4,0,6
BRDA:20,4,1,1
BRDA:24,5,0,0
BRDA:24,5,1,6
BRDA:29,6,0,1
BRDA:29,6,1,5
BRDA:35,7,0,0
BRDA:35,7,1,6
BRDA:38,8,0,0
BRDA:38,8,1,6
BRDA:41,9,0,0
BRDA:41,9,1,6
BRDA:41,10,0,6
BRDA:41,10,1,6
BRDA:52,11,0,6
BRDA:52,11,1,0
BRF:22
BRH:16
end_of_record
TN:
SF:server/middleware/validator.js
FN:27,(anonymous_0)
FN:31,(anonymous_1)
FN:39,(anonymous_2)
FN:52,(anonymous_3)
FN:55,(anonymous_4)
FN:58,(anonymous_5)
FN:69,(anonymous_6)
FN:81,(anonymous_7)
FNF:8
FNH:3
FNDA:6,(anonymous_0)
FNDA:5,(anonymous_1)
FNDA:0,(anonymous_2)
FNDA:0,(anonymous_3)
FNDA:0,(anonymous_4)
FNDA:0,(anonymous_5)
FNDA:0,(anonymous_6)
FNDA:1,(anonymous_7)
DA:6,1
DA:7,1
DA:8,1
DA:11,1
DA:27,1
DA:28,6
DA:30,6
DA:31,5
DA:32,4
DA:35,2
DA:39,1
DA:40,0
DA:53,0
DA:56,0
DA:60,0
DA:66,1
DA:69,1
DA:70,0
DA:71,0
DA:73,0
DA:74,0
DA:75,0
DA:81,1
DA:82,1
DA:85,1
LF:25
LH:16
BRDA:30,0,0,4
BRDA:30,0,1,2
BRDA:39,1,0,0
BRDA:39,2,0,0
BRDA:53,3,0,0
BRDA:53,3,1,0
BRDA:53,3,2,0
BRDA:60,4,0,0
BRDA:60,4,1,0
BRDA:71,5,0,0
BRDA:71,5,1,0
BRDA:74,6,0,0
BRDA:74,6,1,0
BRDA:74,7,0,0
BRDA:74,7,1,0
BRF:15
BRH:2
end_of_record
