TN:
SF:server/middleware/errorHandler.js
FN:7,(anonymous_0)
FN:17,(anonymous_1)
FN:58,(anonymous_2)
FN:58,(anonymous_3)
FNF:4
FNH:2
FNDA:7,(anonymous_0)
FNDA:6,(anonymous_1)
FNDA:0,(anonymous_2)
FNDA:0,(anonymous_3)
DA:8,7
DA:9,7
DA:10,7
DA:11,7
DA:13,7
DA:17,3
DA:18,6
DA:19,6
DA:20,6
DA:23,6
DA:24,6
DA:25,0
DA:29,6
DA:30,1
DA:31,1
DA:35,6
DA:36,0
DA:37,0
DA:38,6
DA:39,0
DA:40,0
DA:41,6
DA:42,0
DA:43,0
DA:44,0
DA:47,6
DA:58,3
DA:59,0
DA:62,3
LF:29
LH:20
BRDA:7,0,0,1
BRDA:7,1,0,1
BRDA:18,2,0,6
BRDA:18,2,1,1
BRDA:19,3,0,6
BRDA:19,3,1,0
BRDA:20,4,0,6
BRDA:20,4,1,1
BRDA:24,5,0,0
BRDA:24,5,1,6
BRDA:29,6,0,1
BRDA:29,6,1,5
BRDA:35,7,0,0
BRDA:35,7,1,6
BRDA:38,8,0,0
BRDA:38,8,1,6
BRDA:41,9,0,0
BRDA:41,9,1,6
BRDA:41,10,0,6
BRDA:41,10,1,6
BRDA:52,11,0,6
BRDA:52,11,1,0
BRF:22
BRH:16
end_of_record
TN:
SF:server/middleware/validator.js
FN:29,(anonymous_0)
FN:33,(anonymous_1)
FN:41,(anonymous_2)
FN:54,(anonymous_3)
FN:57,(anonymous_4)
FN:61,(anonymous_5)
FN:77,(anonymous_6)
FN:89,(anonymous_7)
FNF:8
FNH:3
FNDA:6,(anonymous_0)
FNDA:6,(anonymous_1)
FNDA:0,(anonymous_2)
FNDA:0,(anonymous_3)
FNDA:0,(anonymous_4)
FNDA:0,(anonymous_5)
FNDA:0,(anonymous_6)
FNDA:3,(anonymous_7)
DA:6,3
DA:7,3
DA:8,3
DA:9,3
DA:12,3
DA:29,3
DA:30,6
DA:32,6
DA:33,6
DA:34,4
DA:37,2
DA:41,3
DA:42,0
DA:55,0
DA:58,0
DA:59,0
DA:63,0
DA:71,3
DA:74,3
DA:75,3
DA:77,3
DA:78,0
DA:80,0
DA:81,0
DA:82,0
DA:83,0
DA:89,3
DA:90,3
DA:93,3
LF:29
LH:19
BRDA:32,0,0,4
BRDA:32,0,1,2
BRDA:41,1,0,0
BRDA:41,2,0,0
BRDA:55,3,0,0
BRDA:55,3,1,0
BRDA:55,3,2,0
BRDA:63,4,0,0
BRDA:63,4,1,0
BRDA:74,5,0,3
BRDA:74,5,1,3
BRDA:81,6,0,0
BRDA:81,6,1,0
BRDA:81,7,0,0
BRDA:81,7,1,0
BRF:15
BRH:4
end_of_record
TN:
SF:server/utils/logger.js
FN:30,(anonymous_0)
FN:68,(anonymous_1)
FN:71,(anonymous_2)
FNF:3
FNH:0
FNDA:0,(anonymous_0)
FNDA:0,(anonymous_1)
FNDA:0,(anonymous_2)
DA:6,3
DA:7,3
DA:9,3
DA:16,3
DA:19,3
DA:27,3
DA:31,0
DA:32,0
DA:37,3
DA:68,3
DA:69,0
DA:71,0
DA:72,0
DA:73,0
DA:84,0
DA:87,3
DA:88,3
LF:17
LH:10
BRDA:16,0,0,3
BRDA:16,0,1,3
BRDA:31,1,0,0
BRDA:31,1,1,0
BRDA:44,2,0,0
BRDA:44,2,1,3
BRDA:48,3,0,0
BRDA:48,3,1,3
BRDA:78,4,0,0
BRDA:78,4,1,0
BRDA:78,4,2,0
BRDA:79,5,0,0
BRDA:79,5,1,0
BRF:13
BRH:4
end_of_record
